<?xml version="1.0" encoding="UTF-8"?>
<!-- Generated by org.testng.reporters.JUnitReportReporter -->
<testsuite hostname="Bharath" failures="0" tests="3" name="com.app.test.ApplicationTest" time="14.857" errors="0" timestamp="2022-09-08T21:08:24 IST" skipped="0">
  <testcase classname="com.app.test.ApplicationTest" name="verifyApplicationLogo" time="5.402"/>
  <system-out/>
  <testcase classname="com.app.test.ApplicationTest" name="verifyApplicationTitle" time="4.485"/>
  <system-out/>
  <testcase classname="com.app.test.ApplicationTest" name="verifyApplicationCaption" time="4.970"/>
  <system-out/>
</testsuite> <!-- com.app.test.ApplicationTest -->
